<?xml version="1.0" encoding="UTF-8"?>
<coverage generated="1527832551876" clover="3.2.0">
  <project timestamp="1527832551876" name="All files">
    <metrics statements="9" coveredstatements="0" conditionals="0" coveredconditionals="0" methods="2" coveredmethods="0" elements="11" coveredelements="0" complexity="0" loc="9" ncloc="9" packages="1" files="1" classes="1">
      <file name="mongoService.js" path="E:\github\NextInnovation\server\services\mongoService.js">
        <metrics statements="9" coveredstatements="0" conditionals="0" coveredconditionals="0" methods="2" coveredmethods="0"/>
        <line num="1" count="0" type="stmt"/>
        <line num="2" count="0" type="stmt"/>
        <line num="3" count="0" type="stmt"/>
        <line num="5" count="0" type="stmt"/>
        <line num="15" count="0" type="stmt"/>
        <line num="16" count="0" type="stmt"/>
        <line num="17" count="0" type="stmt"/>
        <line num="19" count="0" type="stmt"/>
        <line num="20" count="0" type="stmt"/>
      </file>
    </metrics>
  </project>
</coverage>
